Parsing GTFS feed in 'si_bre%C5%BEice.gtfs.zip' ... done. (0 trips [0.00%], 0 stop times [0.00%], 0 stops [0.00%], 0 shapes [0.00%], 0 services [0.00%], 0 routes [0.00%], 0 agencies [0.00%], 0 transfers [0.00%], 0 pathways [0.00%], 0 levels [0.00%], 0 fare attributes [0.00%], 0 translations [0.00%] dropped due to errors.)
Removing trips travelling too fast...done. (-0 trips [-0.00%])
Removing unreferenced entries... done. (-0 trips [-0.00%], -0 stops [-0.00%], -0 shapes [-0.00%], -0 services [-0.00%], -0 routes [-0.00%], -0 agencies [-0.00%], -0 transfers [-0.00%])
Reclustering stops... done. (-0 clusters) [-0.00%]
Removing service duplicates... done. (-0 services [-0.00%])
Minimizing ids... done.
Outputting GTFS feed to 'si_bre%C5%BEice.gtfs.zip'... done.
Parsing GTFS feed in 'si_celje.gtfs.zip' ... done. (0 trips [0.00%], 0 stop times [0.00%], 0 stops [0.00%], 0 shapes [0.00%], 0 services [0.00%], 0 routes [0.00%], 0 agencies [0.00%], 0 transfers [0.00%], 0 pathways [0.00%], 0 levels [0.00%], 0 fare attributes [0.00%], 0 translations [0.00%] dropped due to errors.)
Removing trips travelling too fast...done. (-0 trips [-0.00%])
Removing unreferenced entries... done. (-0 trips [-0.00%], -0 stops [-0.00%], -0 shapes [-0.00%], -14 services [-93.33%], -1 routes [-10.00%], -0 agencies [-0.00%], -0 transfers [-0.00%])
Reclustering stops... done. (-0 clusters) [-0.00%]
Removing service duplicates... done. (-0 services [-0.00%])
Minimizing ids... done.
Outputting GTFS feed to 'si_celje.gtfs.zip'... done.
Parsing GTFS feed in 'si_koper.gtfs.zip' ... done. (0 trips [0.00%], 0 stop times [0.00%], 0 stops [0.00%], 0 shapes [0.00%], 0 services [0.00%], 0 routes [0.00%], 0 agencies [0.00%], 0 transfers [0.00%], 0 pathways [0.00%], 0 levels [0.00%], 0 fare attributes [0.00%], 0 translations [0.00%] dropped due to errors.)
Removing trips travelling too fast...done. (-0 trips [-0.00%])
Removing unreferenced entries... done. (-0 trips [-0.00%], -0 stops [-0.00%], -0 shapes [-0.00%], -0 services [-0.00%], -0 routes [-0.00%], -0 agencies [-0.00%], -0 transfers [-0.00%])
Reclustering stops... done. (-0 clusters) [-0.00%]
Removing service duplicates... done. (-0 services [-0.00%])
Minimizing ids... done.
Outputting GTFS feed to 'si_koper.gtfs.zip'... done.
Parsing GTFS feed in 'si_kranj.gtfs.zip' ... done. (0 trips [0.00%], 0 stop times [0.00%], 0 stops [0.00%], 0 shapes [0.00%], 0 services [0.00%], 0 routes [0.00%], 0 agencies [0.00%], 0 transfers [0.00%], 0 pathways [0.00%], 0 levels [0.00%], 0 fare attributes [0.00%], 0 translations [0.00%] dropped due to errors.)
Removing trips travelling too fast...done. (-0 trips [-0.00%])
Removing unreferenced entries... done. (-0 trips [-0.00%], -0 stops [-0.00%], -0 shapes [-0.00%], -0 services [-0.00%], -0 routes [-0.00%], -0 agencies [-0.00%], -0 transfers [-0.00%])
Reclustering stops... done. (-0 clusters) [-0.00%]
Removing service duplicates... done. (-0 services [-0.00%])
Minimizing ids... done.
Outputting GTFS feed to 'si_kranj.gtfs.zip'... done.
Parsing GTFS feed in 'si_kranjska-gora.gtfs.zip' ... done. (0 trips [0.00%], 0 stop times [0.00%], 0 stops [0.00%], 0 shapes [0.00%], 0 services [0.00%], 0 routes [0.00%], 0 agencies [0.00%], 0 transfers [0.00%], 0 pathways [0.00%], 0 levels [0.00%], 0 fare attributes [0.00%], 0 translations [0.00%] dropped due to errors.)
Removing trips travelling too fast...done. (-0 trips [-0.00%])
Removing unreferenced entries... done. (-0 trips [-0.00%], -18 stops [-99.99%], -0 shapes [-0.00%], -0 services [-0.00%], -2 routes [-99.95%], -1 agencies [-99.90%], -0 transfers [-0.00%])
Reclustering stops...  done, nothing to do!
Removing service duplicates... done. (-0 services [-0.00%])
Minimizing ids... done.
Outputting GTFS feed to 'si_kranjska-gora.gtfs.zip'... done.
Parsing GTFS feed in 'si_lpp.gtfs.zip' ... done. (0 trips [0.00%], 0 stop times [0.00%], 0 stops [0.00%], 0 shapes [0.00%], 0 services [0.00%], 0 routes [0.00%], 0 agencies [0.00%], 0 transfers [0.00%], 0 pathways [0.00%], 0 levels [0.00%], 0 fare attributes [0.00%], 0 translations [0.00%] dropped due to errors.)
Removing trips travelling too fast...done. (-0 trips [-0.00%])
Removing unreferenced entries... done. (-0 trips [-0.00%], -0 stops [-0.00%], -0 shapes [-0.00%], -0 services [-0.00%], -0 routes [-0.00%], -0 agencies [-0.00%], -0 transfers [-0.00%])
Reclustering stops... done. (-117 clusters) [-16.57%]
Removing service duplicates... done. (-0 services [-0.00%])
Minimizing ids... done.
Outputting GTFS feed to 'si_lpp.gtfs.zip'... done.
Parsing GTFS feed in 'si_maribor.gtfs.zip' ... done. (0 trips [0.00%], 0 stop times [0.00%], 0 stops [0.00%], 0 shapes [0.00%], 0 services [0.00%], 0 routes [0.00%], 0 agencies [0.00%], 0 transfers [0.00%], 0 pathways [0.00%], 0 levels [0.00%], 0 fare attributes [0.00%], 0 translations [0.00%] dropped due to errors.)
Removing trips travelling too fast...done. (-0 trips [-0.00%])
Removing unreferenced entries... done. (-0 trips [-0.00%], -0 stops [-0.00%], -0 shapes [-0.00%], -0 services [-0.00%], -0 routes [-0.00%], -0 agencies [-0.00%], -0 transfers [-0.00%])
Reclustering stops... done. (-1 clusters) [-0.22%]
Removing service duplicates... done. (-0 services [-0.00%])
Minimizing ids... done.
Outputting GTFS feed to 'si_maribor.gtfs.zip'... done.
Parsing GTFS feed in 'si_murska-sobota.gtfs.zip' ... done. (0 trips [0.00%], 0 stop times [0.00%], 0 stops [0.00%], 0 shapes [0.00%], 0 services [0.00%], 0 routes [0.00%], 0 agencies [0.00%], 0 transfers [0.00%], 0 pathways [0.00%], 0 levels [0.00%], 0 fare attributes [0.00%], 0 translations [0.00%] dropped due to errors.)
Removing trips travelling too fast...done. (-0 trips [-0.00%])
Removing unreferenced entries... done. (-0 trips [-0.00%], -0 stops [-0.00%], -0 shapes [-0.00%], -0 services [-0.00%], -0 routes [-0.00%], -0 agencies [-0.00%], -0 transfers [-0.00%])
Reclustering stops... done. (-0 clusters) [-0.00%]
Removing service duplicates... done. (-0 services [-0.00%])
Minimizing ids... done.
Outputting GTFS feed to 'si_murska-sobota.gtfs.zip'... done.
Parsing GTFS feed in 'si_nap.gtfs.zip' ... done. (0 trips [0.00%], 0 stop times [0.00%], 0 stops [0.00%], 0 shapes [0.00%], 0 services [0.00%], 0 routes [0.00%], 0 agencies [0.00%], 0 transfers [0.00%], 0 pathways [0.00%], 0 levels [0.00%], 0 fare attributes [0.00%], 0 translations [0.00%] dropped due to errors.)
Removing trips travelling too fast...done. (-0 trips [-0.00%])
Removing unreferenced entries... done. (-0 trips [-0.00%], -11 stops [-0.11%], -0 shapes [-0.00%], -0 services [-0.00%], -25 routes [-1.04%], -0 agencies [-0.00%], -0 transfers [-0.00%])
Reclustering stops... done. (-3968 clusters) [-40.73%]
Removing service duplicates... done. (-200 services [-72.73%])
Minimizing ids... done.
Outputting GTFS feed to 'si_nap.gtfs.zip'... done.
Parsing GTFS feed in 'si_nova-gorica.gtfs.zip' ... done. (0 trips [0.00%], 0 stop times [0.00%], 0 stops [0.00%], 0 shapes [0.00%], 0 services [0.00%], 0 routes [0.00%], 0 agencies [0.00%], 0 transfers [0.00%], 0 pathways [0.00%], 0 levels [0.00%], 0 fare attributes [0.00%], 0 translations [0.00%] dropped due to errors.)
Removing trips travelling too fast...done. (-0 trips [-0.00%])
Removing unreferenced entries... done. (-0 trips [-0.00%], -0 stops [-0.00%], -0 shapes [-0.00%], -0 services [-0.00%], -0 routes [-0.00%], -0 agencies [-0.00%], -0 transfers [-0.00%])
Reclustering stops... done. (-0 clusters) [-0.00%]
Removing service duplicates... done. (-0 services [-0.00%])
Minimizing ids... done.
Outputting GTFS feed to 'si_nova-gorica.gtfs.zip'... done.
Parsing GTFS feed in 'si_novo-mesto.gtfs.zip' ... done. (0 trips [0.00%], 0 stop times [0.00%], 0 stops [0.00%], 0 shapes [0.00%], 0 services [0.00%], 0 routes [0.00%], 0 agencies [0.00%], 0 transfers [0.00%], 0 pathways [0.00%], 0 levels [0.00%], 0 fare attributes [0.00%], 0 translations [0.00%] dropped due to errors.)
Removing trips travelling too fast...done. (-0 trips [-0.00%])
Removing unreferenced entries... done. (-0 trips [-0.00%], -1 stops [-0.92%], -0 shapes [-0.00%], -0 services [-0.00%], -0 routes [-0.00%], -0 agencies [-0.00%], -0 transfers [-0.00%])
Reclustering stops... done. (-0 clusters) [-0.00%]
Removing service duplicates... done. (-0 services [-0.00%])
Minimizing ids... done.
Outputting GTFS feed to 'si_novo-mesto.gtfs.zip'... done.
Parsing GTFS feed in 'si_postojna.gtfs.zip' ... done. (0 trips [0.00%], 0 stop times [0.00%], 0 stops [0.00%], 0 shapes [0.00%], 0 services [0.00%], 0 routes [0.00%], 0 agencies [0.00%], 0 transfers [0.00%], 0 pathways [0.00%], 0 levels [0.00%], 0 fare attributes [0.00%], 0 translations [0.00%] dropped due to errors.)
Removing trips travelling too fast...done. (-0 trips [-0.00%])
Removing unreferenced entries... done. (-0 trips [-0.00%], -42 stops [-55.26%], -0 shapes [-0.00%], -0 services [-0.00%], -0 routes [-0.00%], -0 agencies [-0.00%], -0 transfers [-0.00%])
Reclustering stops... done. (-0 clusters) [-0.00%]
Removing service duplicates... done. (-0 services [-0.00%])
Minimizing ids... done.
Outputting GTFS feed to 'si_postojna.gtfs.zip'... done.
Parsing GTFS feed in 'si_ptuj.gtfs.zip' ... done. (0 trips [0.00%], 0 stop times [0.00%], 0 stops [0.00%], 0 shapes [0.00%], 0 services [0.00%], 0 routes [0.00%], 0 agencies [0.00%], 0 transfers [0.00%], 0 pathways [0.00%], 0 levels [0.00%], 0 fare attributes [0.00%], 0 translations [0.00%] dropped due to errors.)
Removing trips travelling too fast...done. (-0 trips [-0.00%])
Removing unreferenced entries... done. (-0 trips [-0.00%], -0 stops [-0.00%], -0 shapes [-0.00%], -0 services [-0.00%], -0 routes [-0.00%], -0 agencies [-0.00%], -0 transfers [-0.00%])
Reclustering stops... done. (-0 clusters) [-0.00%]
Removing service duplicates... done. (-0 services [-0.00%])
Minimizing ids... done.
Outputting GTFS feed to 'si_ptuj.gtfs.zip'... done.
Parsing GTFS feed in 'si_sevnica.gtfs.zip' ... done. (0 trips [0.00%], 0 stop times [0.00%], 0 stops [0.00%], 0 shapes [0.00%], 0 services [0.00%], 0 routes [0.00%], 0 agencies [0.00%], 0 transfers [0.00%], 0 pathways [0.00%], 0 levels [0.00%], 0 fare attributes [0.00%], 0 translations [0.00%] dropped due to errors.)
Removing trips travelling too fast...done. (-0 trips [-0.00%])
Removing unreferenced entries... done. (-0 trips [-0.00%], -17 stops [-99.99%], -0 shapes [-0.00%], -0 services [-0.00%], -1 routes [-99.90%], -1 agencies [-99.90%], -0 transfers [-0.00%])
Reclustering stops...  done, nothing to do!
Removing service duplicates... done. (-0 services [-0.00%])
Minimizing ids... done.
Outputting GTFS feed to 'si_sevnica.gtfs.zip'... done.
Parsing GTFS feed in 'si_velenje.gtfs.zip' ... done. (0 trips [0.00%], 0 stop times [0.00%], 0 stops [0.00%], 0 shapes [0.00%], 0 services [0.00%], 0 routes [0.00%], 0 agencies [0.00%], 0 transfers [0.00%], 0 pathways [0.00%], 0 levels [0.00%], 0 fare attributes [0.00%], 0 translations [0.00%] dropped due to errors.)
Removing trips travelling too fast...done. (-0 trips [-0.00%])
Removing unreferenced entries... done. (-0 trips [-0.00%], -0 stops [-0.00%], -0 shapes [-0.00%], -0 services [-0.00%], -0 routes [-0.00%], -0 agencies [-0.00%], -0 transfers [-0.00%])
Reclustering stops... done. (-0 clusters) [-0.00%]
Removing service duplicates... done. (-0 services [-0.00%])
Minimizing ids... done.
Outputting GTFS feed to 'si_velenje.gtfs.zip'... done.
Parsing GTFS feed in 'si_bre%C5%BEice.gtfs.zip' ... done. (0 trips [0.00%], 0 stop times [0.00%], 0 stops [0.00%], 0 shapes [0.00%], 0 services [0.00%], 0 routes [0.00%], 0 agencies [0.00%], 0 transfers [0.00%], 0 pathways [0.00%], 0 levels [0.00%], 0 fare attributes [0.00%], 0 translations [0.00%] dropped due to errors.)
Parsing GTFS feed in 'si_celje.gtfs.zip' ... done. (0 trips [0.00%], 0 stop times [0.00%], 0 stops [0.00%], 0 shapes [0.00%], 0 services [0.00%], 0 routes [0.00%], 0 agencies [0.00%], 0 transfers [0.00%], 0 pathways [0.00%], 0 levels [0.00%], 0 fare attributes [0.00%], 0 translations [0.00%] dropped due to errors.)
Parsing GTFS feed in 'si_koper.gtfs.zip' ... done. (0 trips [0.00%], 0 stop times [0.00%], 0 stops [0.00%], 0 shapes [0.00%], 0 services [0.00%], 0 routes [0.00%], 0 agencies [0.00%], 0 transfers [0.00%], 0 pathways [0.00%], 0 levels [0.00%], 0 fare attributes [0.00%], 0 translations [0.00%] dropped due to errors.)
Parsing GTFS feed in 'si_kranj.gtfs.zip' ... done. (0 trips [0.00%], 0 stop times [0.00%], 0 stops [0.00%], 0 shapes [0.00%], 0 services [0.00%], 0 routes [0.00%], 0 agencies [0.00%], 0 transfers [0.00%], 0 pathways [0.00%], 0 levels [0.00%], 0 fare attributes [0.00%], 0 translations [0.00%] dropped due to errors.)
Parsing GTFS feed in 'si_kranjska-gora.gtfs.zip' ... done. (0 trips [0.00%], 0 stop times [0.00%], 0 stops [0.00%], 0 shapes [0.00%], 0 services [0.00%], 0 routes [0.00%], 0 agencies [0.00%], 0 transfers [0.00%], 0 pathways [0.00%], 0 levels [0.00%], 0 fare attributes [0.00%], 0 translations [0.00%] dropped due to errors.)
Parsing GTFS feed in 'si_lpp.gtfs.zip' ... done. (0 trips [0.00%], 0 stop times [0.00%], 0 stops [0.00%], 0 shapes [0.00%], 0 services [0.00%], 0 routes [0.00%], 0 agencies [0.00%], 0 transfers [0.00%], 0 pathways [0.00%], 0 levels [0.00%], 0 fare attributes [0.00%], 0 translations [0.00%] dropped due to errors.)
Parsing GTFS feed in 'si_maribor.gtfs.zip' ... done. (0 trips [0.00%], 0 stop times [0.00%], 0 stops [0.00%], 0 shapes [0.00%], 0 services [0.00%], 0 routes [0.00%], 0 agencies [0.00%], 0 transfers [0.00%], 0 pathways [0.00%], 0 levels [0.00%], 0 fare attributes [0.00%], 0 translations [0.00%] dropped due to errors.)
Parsing GTFS feed in 'si_murska-sobota.gtfs.zip' ... done. (0 trips [0.00%], 0 stop times [0.00%], 0 stops [0.00%], 0 shapes [0.00%], 0 services [0.00%], 0 routes [0.00%], 0 agencies [0.00%], 0 transfers [0.00%], 0 pathways [0.00%], 0 levels [0.00%], 0 fare attributes [0.00%], 0 translations [0.00%] dropped due to errors.)
Parsing GTFS feed in 'si_nap.gtfs.zip' ... done. (0 trips [0.00%], 0 stop times [0.00%], 0 stops [0.00%], 0 shapes [0.00%], 0 services [0.00%], 0 routes [0.00%], 0 agencies [0.00%], 0 transfers [0.00%], 0 pathways [0.00%], 0 levels [0.00%], 0 fare attributes [0.00%], 0 translations [0.00%] dropped due to errors.)
Parsing GTFS feed in 'si_nova-gorica.gtfs.zip' ... done. (0 trips [0.00%], 0 stop times [0.00%], 0 stops [0.00%], 0 shapes [0.00%], 0 services [0.00%], 0 routes [0.00%], 0 agencies [0.00%], 0 transfers [0.00%], 0 pathways [0.00%], 0 levels [0.00%], 0 fare attributes [0.00%], 0 translations [0.00%] dropped due to errors.)
Parsing GTFS feed in 'si_novo-mesto.gtfs.zip' ... done. (0 trips [0.00%], 0 stop times [0.00%], 0 stops [0.00%], 0 shapes [0.00%], 0 services [0.00%], 0 routes [0.00%], 0 agencies [0.00%], 0 transfers [0.00%], 0 pathways [0.00%], 0 levels [0.00%], 0 fare attributes [0.00%], 0 translations [0.00%] dropped due to errors.)
Parsing GTFS feed in 'si_postojna.gtfs.zip' ... done. (0 trips [0.00%], 0 stop times [0.00%], 0 stops [0.00%], 0 shapes [0.00%], 0 services [0.00%], 0 routes [0.00%], 0 agencies [0.00%], 0 transfers [0.00%], 0 pathways [0.00%], 0 levels [0.00%], 0 fare attributes [0.00%], 0 translations [0.00%] dropped due to errors.)
Parsing GTFS feed in 'si_ptuj.gtfs.zip' ... done. (0 trips [0.00%], 0 stop times [0.00%], 0 stops [0.00%], 0 shapes [0.00%], 0 services [0.00%], 0 routes [0.00%], 0 agencies [0.00%], 0 transfers [0.00%], 0 pathways [0.00%], 0 levels [0.00%], 0 fare attributes [0.00%], 0 translations [0.00%] dropped due to errors.)
Parsing GTFS feed in 'si_sevnica.gtfs.zip' ... done. (0 trips [0.00%], 0 stop times [0.00%], 0 stops [0.00%], 0 shapes [0.00%], 0 services [0.00%], 0 routes [0.00%], 0 agencies [0.00%], 0 transfers [0.00%], 0 pathways [0.00%], 0 levels [0.00%], 0 fare attributes [0.00%], 0 translations [0.00%] dropped due to errors.)
Parsing GTFS feed in 'si_velenje.gtfs.zip' ... done. (0 trips [0.00%], 0 stop times [0.00%], 0 stops [0.00%], 0 shapes [0.00%], 0 services [0.00%], 0 routes [0.00%], 0 agencies [0.00%], 0 transfers [0.00%], 0 pathways [0.00%], 0 levels [0.00%], 0 fare attributes [0.00%], 0 translations [0.00%] dropped due to errors.)
Removing unreferenced entries... done. (-0 trips [-0.00%], -0 stops [-0.00%], -0 shapes [-0.00%], -0 services [-0.00%], -0 routes [-0.00%], -0 agencies [-0.00%], -0 transfers [-0.00%])
Removing redundant agencies... done. (-0 agencies [-0.00%])
Adding parent stations to all stops... done. (+3795 stations)
Removing redundant stops... done. (-473 stops [-2.44%])
Reclustering stops... done. (-685 clusters) [-9.34%]
Removing redundant routes... done. (-9 routes [-0.36%])
Removing service duplicates... done. (-23 services [-15.97%])
Minimizing services... done. (-6258 calendar_dates.txt entries [-82.28%], +5 calendar.txt entries [+5.43%])
Removing redundant trips... done. (-34047 trips [-50.80%])
Removing unreferenced entries... done. (-0 trips [-0.00%], -0 stops [-0.00%], -0 shapes [-0.00%], -12886 services [-76.67%], -1 routes [-0.04%], -0 agencies [-0.00%], -0 transfers [-0.00%])
Removing service duplicates... done. (-3796 services [-96.81%])
Minimizing services... done. (-758 calendar_dates.txt entries [-31.03%], +7 calendar.txt entries [+6.09%])
Computing stable stop ids ... done.
Encoding stop_ids via parent_station ids ... done.
Outputting GTFS feed to 'gtfs_slovenia_clean.zip'... done.
